<?xml version="1.0" encoding="UTF-8"?>
<testng-results skipped="0" failed="0" ignored="0" total="1" passed="1">
  <reporter-output>
  </reporter-output>
  <suite name="Default suite" duration-ms="38" started-at="2021-06-10T17:25:10 IST" finished-at="2021-06-10T17:25:10 IST">
    <groups>
    </groups>
    <test name="Default test" duration-ms="38" started-at="2021-06-10T17:25:10 IST" finished-at="2021-06-10T17:25:10 IST">
      <class name="maventesting.studymaven.printTest">
        <test-method status="PASS" signature="f()[pri:0, instance:maventesting.studymaven.printTest@5a8806ef]" name="f" duration-ms="6" started-at="2021-06-10T17:25:10 IST" finished-at="2021-06-10T17:25:10 IST">
          <reporter-output>
          </reporter-output>
        </test-method> <!-- f -->
      </class> <!-- maventesting.studymaven.printTest -->
    </test> <!-- Default test -->
  </suite> <!-- Default suite -->
</testng-results>
