<?xml version="1.0" encoding="UTF-8"?>
<!-- Generated by org.testng.reporters.JUnitXMLReporter -->
<testsuite hostname="LAPTOP-I5PDOA9T" ignored="0" name="Test" tests="3" failures="0" timestamp="2021-06-18T10:15:39 IST" time="0.047" errors="0">
  <testcase name="f" time="0.005" classname="maventesting.studymaven.seleniumTest"/>
  <testcase name="f" time="0.0" classname="maventesting.studymaven.printTest"/>
  <testcase name="f" time="0.0" classname="maventesting.studymaven.SmokeTest"/>
</testsuite> <!-- Test -->
